<?xml version="1.0" encoding="UTF-8"?>
<!-- Generated by org.testng.reporters.JUnitReportReporter -->
<testsuite hostname="DESKTOP-49Q3KB3" failures="0" tests="3" name="demodashboard.test1" time="17.956" errors="0" timestamp="2023-01-30T17:31:55 BDT" skipped="0">
  <testcase classname="demodashboard.test1" name="openPortfolio" time="0.937"/>
  <system-out/>
  <testcase classname="demodashboard.test1" name="loginToApplication" time="10.433"/>
  <system-out/>
  <testcase classname="demodashboard.test1" name="AAPortfolio" time="6.586"/>
  <system-out/>
</testsuite> <!-- demodashboard.test1 -->
