<?xml version="1.0" encoding="UTF-8"?>
<!-- Generated by org.testng.reporters.JUnitReportReporter -->
<testsuite hostname="DESKTOP-49Q3KB3" failures="0" tests="1" name="demodashboard.Logintest" time="14.261" errors="0" timestamp="2023-01-29T13:02:53 BDT" skipped="0">
  <testcase classname="demodashboard.Logintest" name="openChrome" time="14.261"/>
  <system-out/>
</testsuite> <!-- demodashboard.Logintest -->
